Start testing: Nov 05 08:17 CST
----------------------------------------------------------
1/6 Testing: test_shared
1/6 Test: test_shared
Command: "/home/nevergiu/Program/source/repos/nglive_box/cmake_professional/super_build_mode/build/subprojects/Build/message_external/bin/hello-world_wDSO"
Directory: /home/nevergiu/Program/source/repos/nglive_box/cmake_professional/super_build_mode/build/subprojects/Build/message_external/tests
"test_shared" start time: Nov 05 08:17 CST
Output:
----------------------------------------------------------
This is my very nice message: 
Hello, CMake World!
...and here is its UUID: 145f2e5d-6560-441d-8899-9a21bad758d3
This is my very nice message: 
Goodbye, CMake World
...and here is its UUID: d61abf10-93af-45c8-bbdc-811016bb6f8a
<end of output>
Test time =   0.00 sec
----------------------------------------------------------
Test Passed.
"test_shared" end time: Nov 05 08:17 CST
"test_shared" time elapsed: 00:00:00
----------------------------------------------------------

2/6 Testing: test_static
2/6 Test: test_static
Command: "/home/nevergiu/Program/source/repos/nglive_box/cmake_professional/super_build_mode/build/subprojects/Build/message_external/bin/hello-world_wAR"
Directory: /home/nevergiu/Program/source/repos/nglive_box/cmake_professional/super_build_mode/build/subprojects/Build/message_external/tests
"test_static" start time: Nov 05 08:17 CST
Output:
----------------------------------------------------------
This is my very nice message: 
Hello, CMake World!
...and here is its UUID: c361ed4f-fb3b-4bc0-a3cc-849aa9d7dbc4
This is my very nice message: 
Goodbye, CMake World
...and here is its UUID: 0705c82f-13fd-4acc-81c4-1f4962db5bc0
<end of output>
Test time =   0.00 sec
----------------------------------------------------------
Test Passed.
"test_static" end time: Nov 05 08:17 CST
"test_static" time elapsed: 00:00:00
----------------------------------------------------------

3/6 Testing: use-target_configure
3/6 Test: use-target_configure
Command: "/usr/bin/cmake" "-H/home/nevergiu/Program/source/repos/nglive_box/cmake_professional/super_build_mode/build/subprojects/Source/message_external/tests/use_target" "-B/home/nevergiu/Program/source/repos/nglive_box/cmake_professional/super_build_mode/build/subprojects/Build/message_external/tests/build_use-target" "-GUnix Makefiles" "-Dmessage_DIR=/home/nevergiu/Program/source/repos/nglive_box/cmake_professional/super_build_mode/build/stage/share/cmake/message" "-DCMAKE_BUILD_TYPE=Debug"
Directory: /home/nevergiu/Program/source/repos/nglive_box/cmake_professional/super_build_mode/build/subprojects/Build/message_external/tests
"use-target_configure" start time: Nov 05 08:17 CST
Output:
----------------------------------------------------------
-- The CXX compiler identification is GNU 9.3.0
-- Check for working CXX compiler: /usr/bin/c++
-- Check for working CXX compiler: /usr/bin/c++ -- works
-- Detecting CXX compiler ABI info
-- Detecting CXX compiler ABI info - done
-- Detecting CXX compile features
-- Detecting CXX compile features - done
-- Checking for one of the modules 'uuid'
-- Found message: /home/nevergiu/Program/source/repos/nglive_box/cmake_professional/super_build_mode/build/stage/lib/libmessage_d.so.1 (found version 1.0.0)
-- 
 Properties for TARGET message::message-shared:
   message::message-shared.LOCATION = "/home/nevergiu/Program/source/repos/nglive_box/cmake_professional/super_build_mode/build/stage/lib/libmessage_d.so.1"
   message::message-shared.IMPORTED_LOCATION_DEBUG = "/home/nevergiu/Program/source/repos/nglive_box/cmake_professional/super_build_mode/build/stage/lib/libmessage_d.so.1"
   message::message-shared.IMPORTED_LOCATION_RELEASE = <NOTFOUND>
   message::message-shared.IMPORTED_IMPLIB_DEBUG = <NOTFOUND>
   message::message-shared.IMPORTED_IMPLIB_RELEASE = <NOTFOUND>
   message::message-shared.INTERFACE_COMPILE_DEFINITIONS = "$<$<BOOL:TRUE>:HAVE_UUID>;USING_message"
   message::message-shared.INTERFACE_COMPILE_OPTIONS = <NOTFOUND>
   message::message-shared.INTERFACE_INCLUDE_DIRECTORIES = "/home/nevergiu/Program/source/repos/nglive_box/cmake_professional/super_build_mode/build/stage/include"
   message::message-shared.INTERFACE_LINK_LIBRARIES = "$<$<BOOL:TRUE>:PkgConfig::UUID>"

-- 
 Properties for TARGET message::message-static:
   message::message-static.LOCATION = "/home/nevergiu/Program/source/repos/nglive_box/cmake_professional/super_build_mode/build/stage/lib/libmessage_sd.a"
   message::message-static.IMPORTED_LOCATION_DEBUG = "/home/nevergiu/Program/source/repos/nglive_box/cmake_professional/super_build_mode/build/stage/lib/libmessage_sd.a"
   message::message-static.IMPORTED_LOCATION_RELEASE = <NOTFOUND>
   message::message-static.IMPORTED_IMPLIB_DEBUG = <NOTFOUND>
   message::message-static.IMPORTED_IMPLIB_RELEASE = <NOTFOUND>
   message::message-static.INTERFACE_COMPILE_DEFINITIONS = "message_STATIC_DEFINE;$<$<BOOL:TRUE>:HAVE_UUID>;USING_message"
   message::message-static.INTERFACE_COMPILE_OPTIONS = <NOTFOUND>
   message::message-static.INTERFACE_INCLUDE_DIRECTORIES = "/home/nevergiu/Program/source/repos/nglive_box/cmake_professional/super_build_mode/build/stage/include"
   message::message-static.INTERFACE_LINK_LIBRARIES = "$<$<BOOL:TRUE>:PkgConfig::UUID>"

-- 
 Properties for TARGET message::hello-world_wDSO:
   message::hello-world_wDSO.LOCATION = "/home/nevergiu/Program/source/repos/nglive_box/cmake_professional/super_build_mode/build/stage/bin/hello-world_wDSO"
   message::hello-world_wDSO.INTERFACE_COMPILE_DEFINITIONS = <NOTFOUND>
   message::hello-world_wDSO.INTERFACE_COMPILE_OPTIONS = <NOTFOUND>
   message::hello-world_wDSO.INTERFACE_INCLUDE_DIRECTORIES = <NOTFOUND>
   message::hello-world_wDSO.INTERFACE_LINK_LIBRARIES = <NOTFOUND>

-- 
 Properties for TARGET message::hello-world_wAR:
   message::hello-world_wAR.LOCATION = "/home/nevergiu/Program/source/repos/nglive_box/cmake_professional/super_build_mode/build/stage/bin/hello-world_wAR"
   message::hello-world_wAR.INTERFACE_COMPILE_DEFINITIONS = <NOTFOUND>
   message::hello-world_wAR.INTERFACE_COMPILE_OPTIONS = <NOTFOUND>
   message::hello-world_wAR.INTERFACE_INCLUDE_DIRECTORIES = <NOTFOUND>
   message::hello-world_wAR.INTERFACE_LINK_LIBRARIES = <NOTFOUND>

-- Configuring done
-- Generating done
-- Build files have been written to: /home/nevergiu/Program/source/repos/nglive_box/cmake_professional/super_build_mode/build/subprojects/Build/message_external/tests/build_use-target
<end of output>
Test time =   0.28 sec
----------------------------------------------------------
Test Passed.
"use-target_configure" end time: Nov 05 08:17 CST
"use-target_configure" time elapsed: 00:00:00
----------------------------------------------------------

4/6 Testing: use-target_build
4/6 Test: use-target_build
Command: "/usr/bin/cmake" "--build" "/home/nevergiu/Program/source/repos/nglive_box/cmake_professional/super_build_mode/build/subprojects/Build/message_external/tests/build_use-target" "--config" "Debug"
Directory: /home/nevergiu/Program/source/repos/nglive_box/cmake_professional/super_build_mode/build/subprojects/Build/message_external/tests
"use-target_build" start time: Nov 05 08:17 CST
Output:
----------------------------------------------------------
Scanning dependencies of target use_message
[ 50%] Building CXX object CMakeFiles/use_message.dir/use_message.cpp.o
[100%] Linking CXX executable use_message
[100%] Built target use_message
<end of output>
Test time =   0.24 sec
----------------------------------------------------------
Test Passed.
"use-target_build" end time: Nov 05 08:17 CST
"use-target_build" time elapsed: 00:00:00
----------------------------------------------------------

5/6 Testing: use-target_test
5/6 Test: use-target_test
Command: "/usr/bin/cmake" "--build" "/home/nevergiu/Program/source/repos/nglive_box/cmake_professional/super_build_mode/build/subprojects/Build/message_external/tests/build_use-target" "--target" "test" "--config" "Debug"
Directory: /home/nevergiu/Program/source/repos/nglive_box/cmake_professional/super_build_mode/build/subprojects/Build/message_external/tests
"use-target_test" start time: Nov 05 08:17 CST
Output:
----------------------------------------------------------
Running tests...
Test project /home/nevergiu/Program/source/repos/nglive_box/cmake_professional/super_build_mode/build/subprojects/Build/message_external/tests/build_use-target
    Start 1: check_use_message
1/1 Test #1: check_use_message ................   Passed    0.00 sec

100% tests passed, 0 tests failed out of 1

Total Test time (real) =   0.00 sec
<end of output>
Test time =   0.02 sec
----------------------------------------------------------
Test Passed.
"use-target_test" end time: Nov 05 08:17 CST
"use-target_test" time elapsed: 00:00:00
----------------------------------------------------------

6/6 Testing: use-target_cleanup
6/6 Test: use-target_cleanup
Command: "/usr/bin/cmake" "-E" "remove_directory" "/home/nevergiu/Program/source/repos/nglive_box/cmake_professional/super_build_mode/build/subprojects/Build/message_external/tests/build_use-target"
Directory: /home/nevergiu/Program/source/repos/nglive_box/cmake_professional/super_build_mode/build/subprojects/Build/message_external/tests
"use-target_cleanup" start time: Nov 05 08:17 CST
Output:
----------------------------------------------------------
<end of output>
Test time =   0.01 sec
----------------------------------------------------------
Test Passed.
"use-target_cleanup" end time: Nov 05 08:17 CST
"use-target_cleanup" time elapsed: 00:00:00
----------------------------------------------------------

End testing: Nov 05 08:17 CST
